<?xml version="1.0" encoding="UTF-8"?>
<!-- Generated by org.testng.reporters.JUnitReportReporter -->
<testsuite hostname="ZTLW94" failures="0" tests="1" name="hero.AddAndRemove" time="7.230" errors="0" timestamp="2024-08-01T17:11:40 IST" skipped="0">
  <testcase classname="hero.AddAndRemove" name="exeAddnRemove" time="7.230"/>
  <system-out>
    <![CDATA[Screenshot Captured]]>
  </system-out>
</testsuite> <!-- hero.AddAndRemove -->
