<?xml version="1.0" encoding="UTF-8"?>
<!-- Generated by org.testng.reporters.JUnitReportReporter -->
<testsuite hostname="ZTLW94" failures="0" tests="1" name="hero.Brokenimage" time="7.686" errors="0" timestamp="2024-08-02T11:27:24 IST" skipped="0">
  <testcase classname="hero.Brokenimage" name="exebroken" time="7.686">
    <system-out>
      <![CDATA[Screenshot Captured]]>
    </system-out>
  </testcase> <!-- exebroken -->
  <system-out>
    <![CDATA[Screenshot Captured]]>
  </system-out>
</testsuite> <!-- hero.Brokenimage -->
