<?xml version="1.0" encoding="UTF-8"?>
<!-- Generated by org.testng.reporters.JUnitReportReporter -->
<testsuite hostname="ZTLW94" failures="0" tests="1" name="hero.DynamicLoading" time="10.439" errors="0" timestamp="2024-07-22T14:48:56 IST" skipped="0">
  <testcase classname="hero.DynamicLoading" name="DynamicLoading" time="10.439"/>
</testsuite> <!-- hero.DynamicLoading -->
