<?xml version="1.0" encoding="UTF-8"?>
<!-- Generated by org.testng.reporters.JUnitReportReporter -->
<testsuite hostname="ZTLW94" failures="0" tests="1" name="hero.drapanddrop" time="5.706" errors="0" timestamp="2024-07-22T13:25:11 IST" skipped="0">
  <testcase classname="hero.drapanddrop" name="drapanddrop" time="5.706"/>
</testsuite> <!-- hero.drapanddrop -->
