<?xml version="1.0" encoding="UTF-8"?>
<!-- Generated by org.testng.reporters.JUnitReportReporter -->
<testsuite hostname="ZTLW94" failures="0" tests="1" name="hero.DisappearingElements" time="13.877" errors="0" timestamp="2024-08-01T17:11:40 IST" skipped="0">
  <testcase classname="hero.DisappearingElements" name="exeChalleng" time="13.877"/>
  <system-out>
    <![CDATA[Screenshot Captured]]>
  </system-out>
</testsuite> <!-- hero.DisappearingElements -->
