<?xml version="1.0" encoding="UTF-8"?>
<!-- Generated by org.testng.reporters.JUnitReportReporter -->
<testsuite hostname="ZTLW94" failures="0" tests="1" name="hero.DynamicContent" time="8.442" errors="0" timestamp="2024-08-02T10:50:46 IST" skipped="0">
  <testcase classname="hero.DynamicContent" name="Challenging" time="8.442"/>
</testsuite> <!-- hero.DynamicContent -->
