<?xml version="1.0" encoding="UTF-8"?>
<!-- Generated by org.testng.reporters.JUnitReportReporter -->
<testsuite hostname="ZTLW94" failures="0" tests="1" name="hero.dead" time="4.616" errors="0" timestamp="2024-07-22T16:13:46 IST" skipped="0">
  <testcase classname="hero.dead" name="test" time="4.616"/>
</testsuite> <!-- hero.dead -->
