<?xml version="1.0" encoding="UTF-8"?>
<!-- Generated by org.testng.reporters.JUnitReportReporter -->
<testsuite hostname="ZTLW94" failures="0" tests="1" name="hero.NestedFrames" time="6.787" errors="0" timestamp="2024-07-24T12:53:09 IST" skipped="0">
  <testcase classname="hero.NestedFrames" name="NestedFrames" time="6.787"/>
</testsuite> <!-- hero.NestedFrames -->
