<?xml version="1.0" encoding="UTF-8"?>
<!-- Generated by org.testng.reporters.JUnitReportReporter -->
<testsuite hostname="ZTLW94" failures="0" tests="1" name="hero.JAVAloadError" time="5.962" errors="0" timestamp="2024-07-24T12:40:32 IST" skipped="0">
  <testcase classname="hero.JAVAloadError" name="JAVAloadError" time="5.962"/>
</testsuite> <!-- hero.JAVAloadError -->
