<?xml version="1.0" encoding="UTF-8"?>
<!-- Generated by org.testng.reporters.JUnitReportReporter -->
<testsuite hostname="ZTLW94" failures="0" tests="1" name="hero.FileUpload" time="5.697" errors="0" timestamp="2024-07-22T16:44:53 IST" skipped="0">
  <testcase classname="hero.FileUpload" name="FileUpload" time="5.697"/>
</testsuite> <!-- hero.FileUpload -->
