<?xml version="1.0" encoding="UTF-8"?>
<!-- Generated by org.testng.reporters.JUnitReportReporter -->
<testsuite hostname="ZTLW94" failures="0" tests="1" name="hero.ABTesting" time="8.595" errors="0" timestamp="2024-08-02T11:39:51 IST" skipped="0">
  <testcase classname="hero.ABTesting" name="executeabTC" time="8.595">
    <system-out>
      <![CDATA[Navigated to AB Control test]]>
    </system-out>
  </testcase> <!-- executeabTC -->
  <system-out>
    <![CDATA[Navigated to AB Control test]]>
  </system-out>
</testsuite> <!-- hero.ABTesting -->
