<?xml version="1.0" encoding="UTF-8"?>
<!-- Generated by org.testng.reporters.JUnitReportReporter -->
<testsuite hostname="ZTLW94" failures="0" tests="1" name="hero.large" time="6.252" errors="0" timestamp="2024-07-24T12:48:55 IST" skipped="0">
  <testcase classname="hero.large" name="large" time="6.252"/>
</testsuite> <!-- hero.large -->
