<?xml version="1.0" encoding="UTF-8"?>
<!-- Generated by org.testng.reporters.JUnitReportReporter -->
<testsuite hostname="ZTLW94" failures="0" tests="1" name="hero.KeyPress" time="12.967" errors="0" timestamp="2024-07-24T12:45:56 IST" skipped="0">
  <testcase classname="hero.KeyPress" name="KeyPress" time="12.967"/>
</testsuite> <!-- hero.KeyPress -->
