<?xml version="1.0" encoding="UTF-8"?>
<!-- Generated by org.testng.reporters.JUnitReportReporter -->
<testsuite hostname="ZTLW94" failures="0" tests="1" name="hero.INPUT" time="6.327" errors="0" timestamp="2024-07-24T12:29:44 IST" skipped="0">
  <testcase classname="hero.INPUT" name="INPUT" time="6.327"/>
</testsuite> <!-- hero.INPUT -->
